Start testing: May 09 11:37 MSK
----------------------------------------------------------
1/1 Testing: check
1/1 Test: check
Command: "/home/anton/workspace/projects/lab06/_build/check"
Directory: /home/anton/workspace/projects/lab06/_build
"check" start time: May 09 11:37 MSK
Output:
----------------------------------------------------------
Running main() from /home/anton/workspace/projects/lab06/third-party/gtest/googletest/src/gtest_main.cc
[==========] Running 1 test from 1 test case.
[----------] Global test environment set-up.
[----------] 1 test from SimpleTest
[ RUN      ] SimpleTest.Works
[       OK ] SimpleTest.Works (0 ms)
[----------] 1 test from SimpleTest (0 ms total)

[----------] Global test environment tear-down
[==========] 1 test from 1 test case ran. (0 ms total)
[  PASSED  ] 1 test.
<end of output>
Test time =   0.00 sec
----------------------------------------------------------
Test Passed.
"check" end time: May 09 11:37 MSK
"check" time elapsed: 00:00:00
----------------------------------------------------------

End testing: May 09 11:37 MSK
