Start testing: May 09 12:29 MSK
----------------------------------------------------------
1/1 Testing: check
1/1 Test: check
Command: "/home/anton/workspace/projects/lab07/_build/check"
Directory: /home/anton/workspace/projects/lab07/_build
"check" start time: May 09 12:29 MSK
Output:
----------------------------------------------------------
test passed
<end of output>
Test time =   0.00 sec
----------------------------------------------------------
Test Passed.
"check" end time: May 09 12:29 MSK
"check" time elapsed: 00:00:00
----------------------------------------------------------

End testing: May 09 12:29 MSK
